-------------------------------------------------------------------------------
Test set: fr.iutparis8.CSID.SIVoc.SiVocApplicationTests
-------------------------------------------------------------------------------
Tests run: 1, Failures: 0, Errors: 1, Skipped: 0, Time elapsed: 0.45 s <<< FAILURE! - in fr.iutparis8.CSID.SIVoc.SiVocApplicationTests
fr.iutparis8.CSID.SIVoc.SiVocApplicationTests  Time elapsed: 0.448 s  <<< ERROR!
java.lang.IllegalStateException: Unable to find a @SpringBootConfiguration, you need to use @ContextConfiguration or @SpringBootTest(classes=...) with your test

